0 info it worked if it ends with ok
1 verbose cli [ '/Users/lili/.nvm/versions/node/v6.14.1/bin/node',
1 verbose cli   '/Users/lili/.nvm/versions/node/v6.14.1/bin/npm',
1 verbose cli   'run',
1 verbose cli   'test-system' ]
2 info using npm@3.10.10
3 info using node@v6.14.1
4 verbose run-script [ 'pretest-system', 'test-system', 'posttest-system' ]
5 info lifecycle snyk-sbt-plugin@~pretest-system: snyk-sbt-plugin@
6 silly lifecycle snyk-sbt-plugin@~pretest-system: no script for pretest-system, continuing
7 info lifecycle snyk-sbt-plugin@~test-system: snyk-sbt-plugin@
8 verbose lifecycle snyk-sbt-plugin@~test-system: unsafe-perm in lifecycle true
9 verbose lifecycle snyk-sbt-plugin@~test-system: PATH: /Users/lili/.nvm/versions/node/v6.14.1/lib/node_modules/npm/bin/node-gyp-bin:/Users/lili/www/snyk/snyk-sbt-plugin/node_modules/.bin:/Users/lili/.rbenv/shims:/Users/lili/.rbenv/bin:/Library/Frameworks/Python.framework/Versions/3.6/bin:/Users/lili/.sdkman/candidates/sbt/current/bin:/Users/lili/.sdkman/candidates/maven/current/bin:/Users/lili/.sdkman/candidates/java/current/bin:/usr/local/opt/maven@3.3/bin:/Users/lili/.rvm/gems/ruby-2.4.1/bin:/Users/lili/.rvm/gems/ruby-2.4.1@global/bin:/Users/lili/.rvm/rubies/ruby-2.4.1/bin:/usr/local/heroku/bin:/Users/lili/.rbenv/shims:/Users/lili/.nvm/versions/node/v6.14.1/bin:/Users/lili/.jenv/shims:/Users/lili/.jenv/bin:/usr/local/Cellar/postgresql@9.6/9.6.6/bin/:/Users/lili/.dotnet:/bin/usr/local/go/bin:/System//Library/Frameworks/Python.framework/Versions/2.7/bin:/usr/local/bin:/usr/bin:/bin:/usr/local/sbin:/usr/sbin:/sbin:/usr/local/Cellar/go/1.12.5/libexec/bin:/Users/lili/.rvm/bin
10 verbose lifecycle snyk-sbt-plugin@~test-system: CWD: /Users/lili/www/snyk/snyk-sbt-plugin
11 silly lifecycle snyk-sbt-plugin@~test-system: Args: [ '-c', 'tap -R spec --timeout=300 ./test/system/*.test.[tj]s' ]
12 silly lifecycle snyk-sbt-plugin@~test-system: Returned: code: 1  signal: null
13 info lifecycle snyk-sbt-plugin@~test-system: Failed to exec test-system script
14 verbose stack Error: snyk-sbt-plugin@ test-system: `tap -R spec --timeout=300 ./test/system/*.test.[tj]s`
14 verbose stack Exit status 1
14 verbose stack     at EventEmitter.<anonymous> (/Users/lili/.nvm/versions/node/v6.14.1/lib/node_modules/npm/lib/utils/lifecycle.js:255:16)
14 verbose stack     at emitTwo (events.js:106:13)
14 verbose stack     at EventEmitter.emit (events.js:191:7)
14 verbose stack     at ChildProcess.<anonymous> (/Users/lili/.nvm/versions/node/v6.14.1/lib/node_modules/npm/lib/utils/spawn.js:40:14)
14 verbose stack     at emitTwo (events.js:106:13)
14 verbose stack     at ChildProcess.emit (events.js:191:7)
14 verbose stack     at maybeClose (internal/child_process.js:920:16)
14 verbose stack     at Process.ChildProcess._handle.onexit (internal/child_process.js:230:5)
15 verbose pkgid snyk-sbt-plugin@
16 verbose cwd /Users/lili/www/snyk/snyk-sbt-plugin
17 error Darwin 17.3.0
18 error argv "/Users/lili/.nvm/versions/node/v6.14.1/bin/node" "/Users/lili/.nvm/versions/node/v6.14.1/bin/npm" "run" "test-system"
19 error node v6.14.1
20 error npm  v3.10.10
21 error code ELIFECYCLE
22 error snyk-sbt-plugin@ test-system: `tap -R spec --timeout=300 ./test/system/*.test.[tj]s`
22 error Exit status 1
23 error Failed at the snyk-sbt-plugin@ test-system script 'tap -R spec --timeout=300 ./test/system/*.test.[tj]s'.
23 error Make sure you have the latest version of node.js and npm installed.
23 error If you do, this is most likely a problem with the snyk-sbt-plugin package,
23 error not with npm itself.
23 error Tell the author that this fails on your system:
23 error     tap -R spec --timeout=300 ./test/system/*.test.[tj]s
23 error You can get information on how to open an issue for this project with:
23 error     npm bugs snyk-sbt-plugin
23 error Or if that isn't available, you can get their info via:
23 error     npm owner ls snyk-sbt-plugin
23 error There is likely additional logging output above.
24 verbose exit [ 1, true ]
